<?xml version="1.0" encoding="UTF-8"?>
<!-- Generated by org.testng.reporters.JUnitReportReporter -->
<testsuite hostname="DESKTOP-JETT67U" failures="0" tests="2" name="day1_10092025.AnnotationsDemo" time="0.025" errors="0" timestamp="2025-09-10T08:12:59 IST" skipped="0">
  <testcase classname="day1_10092025.AnnotationsDemo" name="t1" time="0.014"/>
  <system-out/>
  <testcase classname="day1_10092025.AnnotationsDemo" name="t2" time="0.011"/>
  <system-out/>
</testsuite> <!-- day1_10092025.AnnotationsDemo -->
