<?xml version="1.0" encoding="UTF-8"?>
<!-- Generated by org.testng.reporters.JUnitReportReporter -->
<testsuite hostname="DESKTOP-JETT67U" failures="0" tests="3" name="day3_17092025.DataProviderDemo" time="61.842" errors="0" timestamp="2025-09-17T08:42:33 IST" skipped="0">
  <testcase classname="day3_17092025.DataProviderDemo" name="searchMobile" time="17.176"/>
  <system-out/>
  <testcase classname="day3_17092025.DataProviderDemo" name="searchMobile" time="22.723"/>
  <system-out/>
  <testcase classname="day3_17092025.DataProviderDemo" name="searchMobile" time="21.943"/>
  <system-out/>
</testsuite> <!-- day3_17092025.DataProviderDemo -->
