<?xml version="1.0" encoding="UTF-8"?>
<!-- Generated by org.testng.reporters.JUnitReportReporter -->
<testsuite hostname="DESKTOP-JETT67U" failures="0" tests="1" name="day6_24092025.CallingPOM" time="13.702" errors="0" timestamp="2025-09-24T08:31:30 IST" skipped="0">
  <testcase classname="day6_24092025.CallingPOM" name="executeMethod" time="13.702"/>
  <system-out/>
</testsuite> <!-- day6_24092025.CallingPOM -->
