<?xml version="1.0" encoding="UTF-8"?>
<!-- Generated by org.testng.reporters.JUnitReportReporter -->
<testsuite hostname="DESKTOP-JETT67U" failures="0" tests="2" name="day2_11092025.DependsOnMethodDemo" time="6.911" errors="0" timestamp="2025-09-11T08:11:47 IST" skipped="0">
  <testcase classname="day2_11092025.DependsOnMethodDemo" name="LaunchBrowser" time="2.868"/>
  <system-out/>
  <testcase classname="day2_11092025.DependsOnMethodDemo" name="login" time="4.043"/>
  <system-out/>
</testsuite> <!-- day2_11092025.DependsOnMethodDemo -->
