<?xml version="1.0" encoding="UTF-8"?>
<!-- Generated by org.testng.reporters.JUnitReportReporter -->
<testsuite hostname="DESKTOP-JETT67U" failures="0" tests="1" name="day4_18092025.GroupsDemo" time="0.024" errors="0" timestamp="2025-09-18T08:10:11 IST" skipped="0">
  <testcase classname="day4_18092025.GroupsDemo" name="test4" time="0.024"/>
  <system-out/>
</testsuite> <!-- day4_18092025.GroupsDemo -->
