<?xml version="1.0" encoding="UTF-8"?>
<!-- Generated by org.testng.reporters.JUnitReportReporter -->
<testsuite hostname="DESKTOP-JETT67U" failures="0" tests="1" name="day2_11092025.Parent" time="5.467" errors="0" timestamp="2025-09-11T08:11:47 IST" skipped="0">
  <testcase classname="day2_11092025.Parent" name="LaunchBrowser" time="5.467"/>
  <system-out/>
</testsuite> <!-- day2_11092025.Parent -->
